Connecting to database specified by database.yml


Started GET "/assets/rails.png" for 127.0.0.1 at 2013-04-07 10:17:13 +0200
Served asset /rails.png - 200 OK (83ms)
Connecting to database specified by database.yml
Connecting to database specified by database.yml


Started GET "/assets/rails.png" for 127.0.0.1 at 2013-04-07 10:32:08 +0200
Served asset /rails.png - 304 Not Modified (20ms)


Started GET "/assets/rails.png" for 127.0.0.1 at 2013-04-07 10:32:14 +0200
Served asset /rails.png - 304 Not Modified (0ms)


Started GET "/rails/info/properties" for 127.0.0.1 at 2013-04-07 10:32:24 +0200
Processing by Rails::InfoController#properties as HTML
  Rendered inline template (8.4ms)
Completed 200 OK in 69ms (Views: 68.6ms | ActiveRecord: 0.0ms)


Started GET "/rails/info/properties" for 127.0.0.1 at 2013-04-07 10:32:35 +0200
Processing by Rails::InfoController#properties as HTML
  Rendered inline template (0.3ms)
Completed 200 OK in 1ms (Views: 0.6ms | ActiveRecord: 0.0ms)
Connecting to database specified by database.yml


Started GET "/" for 127.0.0.1 at 2013-04-07 10:35:07 +0200
Processing by HomeController#index as HTML
  Rendered home/index.html.erb within layouts/application (2.6ms)
Compiled home.css  (57ms)  (pid 2974)
Compiled application.css  (66ms)  (pid 2974)
Compiled jquery.js  (9ms)  (pid 2974)
Compiled jquery_ujs.js  (0ms)  (pid 2974)
Compiled home.js  (866ms)  (pid 2974)
Compiled application.js  (961ms)  (pid 2974)
Completed 200 OK in 1675ms (Views: 1674.5ms | ActiveRecord: 0.0ms)


Started GET "/assets/application.css?body=1" for 127.0.0.1 at 2013-04-07 10:35:09 +0200
Served asset /application.css - 200 OK (4ms)


Started GET "/assets/jquery.js?body=1" for 127.0.0.1 at 2013-04-07 10:35:09 +0200
Served asset /jquery.js - 200 OK (3ms)


Started GET "/assets/jquery_ujs.js?body=1" for 127.0.0.1 at 2013-04-07 10:35:09 +0200
Served asset /jquery_ujs.js - 200 OK (45ms)


Started GET "/assets/home.js?body=1" for 127.0.0.1 at 2013-04-07 10:35:09 +0200
Served asset /home.js - 200 OK (1ms)


Started GET "/assets/home.css?body=1" for 127.0.0.1 at 2013-04-07 10:35:09 +0200
Served asset /home.css - 200 OK (1ms)


Started GET "/assets/application.js?body=1" for 127.0.0.1 at 2013-04-07 10:35:09 +0200
Served asset /application.js - 200 OK (7ms)
Connecting to database specified by database.yml


Started GET "/" for 127.0.0.1 at 2013-04-07 13:12:33 +0200
Processing by HomeController#index as HTML
  Rendered home/index.html.erb within layouts/application (0.0ms)
Compiled posts.css  (1ms)  (pid 2974)
Compiled scaffolds.css  (12ms)  (pid 2974)
Compiled application.css  (25ms)  (pid 2974)
Compiled posts.js  (3ms)  (pid 2974)
Compiled application.js  (14ms)  (pid 2974)
Completed 200 OK in 137ms (Views: 136.7ms | ActiveRecord: 0.0ms)


Started GET "/assets/home.css?body=1" for 127.0.0.1 at 2013-04-07 13:12:34 +0200
Served asset /home.css - 304 Not Modified (0ms)


Started GET "/assets/application.css?body=1" for 127.0.0.1 at 2013-04-07 13:12:34 +0200
Served asset /application.css - 304 Not Modified (17ms)


Started GET "/assets/posts.css?body=1" for 127.0.0.1 at 2013-04-07 13:12:34 +0200
Served asset /posts.css - 200 OK (1ms)


Started GET "/assets/jquery_ujs.js?body=1" for 127.0.0.1 at 2013-04-07 13:12:34 +0200
Served asset /jquery_ujs.js - 304 Not Modified (0ms)


Started GET "/assets/jquery.js?body=1" for 127.0.0.1 at 2013-04-07 13:12:34 +0200
Served asset /jquery.js - 304 Not Modified (4ms)


Started GET "/assets/home.js?body=1" for 127.0.0.1 at 2013-04-07 13:12:34 +0200
Served asset /home.js - 304 Not Modified (0ms)


Started GET "/assets/scaffolds.css?body=1" for 127.0.0.1 at 2013-04-07 13:12:34 +0200
Served asset /scaffolds.css - 200 OK (2ms)


Started GET "/assets/application.js?body=1" for 127.0.0.1 at 2013-04-07 13:12:34 +0200
Served asset /application.js - 304 Not Modified (9ms)


Started GET "/assets/posts.js?body=1" for 127.0.0.1 at 2013-04-07 13:12:34 +0200
Served asset /posts.js - 200 OK (10ms)


Started GET "/posts" for 127.0.0.1 at 2013-04-07 13:13:02 +0200
Processing by PostsController#index as HTML
Completed 500 Internal Server Error in 122ms

ActiveRecord::StatementInvalid (Could not find table 'posts'):
  app/controllers/posts_controller.rb:5:in `index'


  Rendered /home/user/.rvm/gems/ruby-1.9.3-p392/gems/actionpack-3.2.13/lib/action_dispatch/middleware/templates/rescues/_trace.erb (1.7ms)
  Rendered /home/user/.rvm/gems/ruby-1.9.3-p392/gems/actionpack-3.2.13/lib/action_dispatch/middleware/templates/rescues/_request_and_response.erb (2.0ms)
  Rendered /home/user/.rvm/gems/ruby-1.9.3-p392/gems/actionpack-3.2.13/lib/action_dispatch/middleware/templates/rescues/diagnostics.erb within rescues/layout (14.7ms)


Started GET "/posts/" for 127.0.0.1 at 2013-04-07 13:13:06 +0200
Processing by PostsController#index as HTML
Completed 500 Internal Server Error in 1ms

ActiveRecord::StatementInvalid (Could not find table 'posts'):
  app/controllers/posts_controller.rb:5:in `index'


  Rendered /home/user/.rvm/gems/ruby-1.9.3-p392/gems/actionpack-3.2.13/lib/action_dispatch/middleware/templates/rescues/_trace.erb (10.7ms)
  Rendered /home/user/.rvm/gems/ruby-1.9.3-p392/gems/actionpack-3.2.13/lib/action_dispatch/middleware/templates/rescues/_request_and_response.erb (1.1ms)
  Rendered /home/user/.rvm/gems/ruby-1.9.3-p392/gems/actionpack-3.2.13/lib/action_dispatch/middleware/templates/rescues/diagnostics.erb within rescues/layout (22.3ms)


Started GET "/posts/1" for 127.0.0.1 at 2013-04-07 13:13:09 +0200
Processing by PostsController#show as HTML
  Parameters: {"id"=>"1"}
Completed 500 Internal Server Error in 1ms

ActiveRecord::StatementInvalid (Could not find table 'posts'):
  app/controllers/posts_controller.rb:16:in `show'


  Rendered /home/user/.rvm/gems/ruby-1.9.3-p392/gems/actionpack-3.2.13/lib/action_dispatch/middleware/templates/rescues/_trace.erb (1.3ms)
  Rendered /home/user/.rvm/gems/ruby-1.9.3-p392/gems/actionpack-3.2.13/lib/action_dispatch/middleware/templates/rescues/_request_and_response.erb (1.0ms)
  Rendered /home/user/.rvm/gems/ruby-1.9.3-p392/gems/actionpack-3.2.13/lib/action_dispatch/middleware/templates/rescues/diagnostics.erb within rescues/layout (8.8ms)


Started GET "/posts" for 127.0.0.1 at 2013-04-07 13:13:25 +0200
Processing by PostsController#index as HTML
Completed 500 Internal Server Error in 1ms

ActiveRecord::StatementInvalid (Could not find table 'posts'):
  app/controllers/posts_controller.rb:5:in `index'


  Rendered /home/user/.rvm/gems/ruby-1.9.3-p392/gems/actionpack-3.2.13/lib/action_dispatch/middleware/templates/rescues/_trace.erb (1.1ms)
  Rendered /home/user/.rvm/gems/ruby-1.9.3-p392/gems/actionpack-3.2.13/lib/action_dispatch/middleware/templates/rescues/_request_and_response.erb (0.9ms)
  Rendered /home/user/.rvm/gems/ruby-1.9.3-p392/gems/actionpack-3.2.13/lib/action_dispatch/middleware/templates/rescues/diagnostics.erb within rescues/layout (9.0ms)


Started GET "/posts/index.html" for 127.0.0.1 at 2013-04-07 13:14:01 +0200
Processing by PostsController#show as HTML
  Parameters: {"id"=>"index"}
Completed 500 Internal Server Error in 1ms

ActiveRecord::StatementInvalid (Could not find table 'posts'):
  app/controllers/posts_controller.rb:16:in `show'


  Rendered /home/user/.rvm/gems/ruby-1.9.3-p392/gems/actionpack-3.2.13/lib/action_dispatch/middleware/templates/rescues/_trace.erb (1.4ms)
  Rendered /home/user/.rvm/gems/ruby-1.9.3-p392/gems/actionpack-3.2.13/lib/action_dispatch/middleware/templates/rescues/_request_and_response.erb (2.0ms)
  Rendered /home/user/.rvm/gems/ruby-1.9.3-p392/gems/actionpack-3.2.13/lib/action_dispatch/middleware/templates/rescues/diagnostics.erb within rescues/layout (14.3ms)


Started GET "/posts/index.html.erb" for 127.0.0.1 at 2013-04-07 13:14:11 +0200

ActionController::RoutingError (No route matches [GET] "/posts/index.html.erb"):
  actionpack (3.2.13) lib/action_dispatch/middleware/debug_exceptions.rb:21:in `call'
  actionpack (3.2.13) lib/action_dispatch/middleware/show_exceptions.rb:56:in `call'
  railties (3.2.13) lib/rails/rack/logger.rb:32:in `call_app'
  railties (3.2.13) lib/rails/rack/logger.rb:16:in `block in call'
  activesupport (3.2.13) lib/active_support/tagged_logging.rb:22:in `tagged'
  railties (3.2.13) lib/rails/rack/logger.rb:16:in `call'
  actionpack (3.2.13) lib/action_dispatch/middleware/request_id.rb:22:in `call'
  rack (1.4.5) lib/rack/methodoverride.rb:21:in `call'
  rack (1.4.5) lib/rack/runtime.rb:17:in `call'
  activesupport (3.2.13) lib/active_support/cache/strategy/local_cache.rb:72:in `call'
  rack (1.4.5) lib/rack/lock.rb:15:in `call'
  actionpack (3.2.13) lib/action_dispatch/middleware/static.rb:63:in `call'
  railties (3.2.13) lib/rails/engine.rb:479:in `call'
  railties (3.2.13) lib/rails/application.rb:223:in `call'
  rack (1.4.5) lib/rack/content_length.rb:14:in `call'
  railties (3.2.13) lib/rails/rack/log_tailer.rb:17:in `call'
  rack (1.4.5) lib/rack/handler/webrick.rb:59:in `service'
  /home/user/.rvm/rubies/ruby-1.9.3-p392/lib/ruby/1.9.1/webrick/httpserver.rb:138:in `service'
  /home/user/.rvm/rubies/ruby-1.9.3-p392/lib/ruby/1.9.1/webrick/httpserver.rb:94:in `run'
  /home/user/.rvm/rubies/ruby-1.9.3-p392/lib/ruby/1.9.1/webrick/server.rb:191:in `block in start_thread'


  Rendered /home/user/.rvm/gems/ruby-1.9.3-p392/gems/actionpack-3.2.13/lib/action_dispatch/middleware/templates/rescues/routing_error.erb within rescues/layout (3.4ms)


Started GET "/foo" for 127.0.0.1 at 2013-04-07 13:14:20 +0200

ActionController::RoutingError (No route matches [GET] "/foo"):
  actionpack (3.2.13) lib/action_dispatch/middleware/debug_exceptions.rb:21:in `call'
  actionpack (3.2.13) lib/action_dispatch/middleware/show_exceptions.rb:56:in `call'
  railties (3.2.13) lib/rails/rack/logger.rb:32:in `call_app'
  railties (3.2.13) lib/rails/rack/logger.rb:16:in `block in call'
  activesupport (3.2.13) lib/active_support/tagged_logging.rb:22:in `tagged'
  railties (3.2.13) lib/rails/rack/logger.rb:16:in `call'
  actionpack (3.2.13) lib/action_dispatch/middleware/request_id.rb:22:in `call'
  rack (1.4.5) lib/rack/methodoverride.rb:21:in `call'
  rack (1.4.5) lib/rack/runtime.rb:17:in `call'
  activesupport (3.2.13) lib/active_support/cache/strategy/local_cache.rb:72:in `call'
  rack (1.4.5) lib/rack/lock.rb:15:in `call'
  actionpack (3.2.13) lib/action_dispatch/middleware/static.rb:63:in `call'
  railties (3.2.13) lib/rails/engine.rb:479:in `call'
  railties (3.2.13) lib/rails/application.rb:223:in `call'
  rack (1.4.5) lib/rack/content_length.rb:14:in `call'
  railties (3.2.13) lib/rails/rack/log_tailer.rb:17:in `call'
  rack (1.4.5) lib/rack/handler/webrick.rb:59:in `service'
  /home/user/.rvm/rubies/ruby-1.9.3-p392/lib/ruby/1.9.1/webrick/httpserver.rb:138:in `service'
  /home/user/.rvm/rubies/ruby-1.9.3-p392/lib/ruby/1.9.1/webrick/httpserver.rb:94:in `run'
  /home/user/.rvm/rubies/ruby-1.9.3-p392/lib/ruby/1.9.1/webrick/server.rb:191:in `block in start_thread'


  Rendered /home/user/.rvm/gems/ruby-1.9.3-p392/gems/actionpack-3.2.13/lib/action_dispatch/middleware/templates/rescues/routing_error.erb within rescues/layout (0.9ms)


Started GET "/" for 127.0.0.1 at 2013-04-07 13:14:27 +0200
Processing by HomeController#index as HTML
  Rendered home/index.html.erb within layouts/application (0.1ms)
Completed 200 OK in 49ms (Views: 49.0ms | ActiveRecord: 0.0ms)


Started GET "/assets/home.css?body=1" for 127.0.0.1 at 2013-04-07 13:14:27 +0200
Served asset /home.css - 304 Not Modified (0ms)


Started GET "/assets/application.css?body=1" for 127.0.0.1 at 2013-04-07 13:14:27 +0200
Served asset /application.css - 304 Not Modified (0ms)


Started GET "/assets/posts.css?body=1" for 127.0.0.1 at 2013-04-07 13:14:27 +0200
Served asset /posts.css - 304 Not Modified (0ms)


Started GET "/assets/jquery.js?body=1" for 127.0.0.1 at 2013-04-07 13:14:27 +0200
Served asset /jquery.js - 304 Not Modified (1ms)


Started GET "/assets/scaffolds.css?body=1" for 127.0.0.1 at 2013-04-07 13:14:27 +0200
Served asset /scaffolds.css - 304 Not Modified (0ms)


Started GET "/assets/jquery_ujs.js?body=1" for 127.0.0.1 at 2013-04-07 13:14:27 +0200
Served asset /jquery_ujs.js - 304 Not Modified (0ms)


Started GET "/assets/home.js?body=1" for 127.0.0.1 at 2013-04-07 13:14:27 +0200
Served asset /home.js - 304 Not Modified (1ms)


Started GET "/assets/posts.js?body=1" for 127.0.0.1 at 2013-04-07 13:14:27 +0200
Served asset /posts.js - 304 Not Modified (0ms)


Started GET "/assets/application.js?body=1" for 127.0.0.1 at 2013-04-07 13:14:27 +0200
Served asset /application.js - 304 Not Modified (2ms)
Connecting to database specified by database.yml
  [1m[36m (0.1ms)[0m  [1mselect sqlite_version(*)[0m
  [1m[35m (40.6ms)[0m  CREATE TABLE "schema_migrations" ("version" varchar(255) NOT NULL) 
  [1m[36m (7.5ms)[0m  [1mCREATE UNIQUE INDEX "unique_schema_migrations" ON "schema_migrations" ("version")[0m
  [1m[35m (2.5ms)[0m  SELECT "schema_migrations"."version" FROM "schema_migrations" 
Migrating to CreatePosts (20130407110634)
  [1m[36m (0.1ms)[0m  [1mbegin transaction[0m
  [1m[35m (0.5ms)[0m  CREATE TABLE "posts" ("id" INTEGER PRIMARY KEY AUTOINCREMENT NOT NULL, "name" varchar(255), "title" varchar(255), "content" text, "created_at" datetime NOT NULL, "updated_at" datetime NOT NULL) 
  [1m[36m (0.2ms)[0m  [1mINSERT INTO "schema_migrations" ("version") VALUES ('20130407110634')[0m
  [1m[35m (7.4ms)[0m  commit transaction
  [1m[36m (0.1ms)[0m  [1mSELECT "schema_migrations"."version" FROM "schema_migrations" [0m


Started GET "/" for 127.0.0.1 at 2013-04-07 13:19:43 +0200
Processing by HomeController#index as HTML
  Rendered home/index.html.erb within layouts/application (3.1ms)
Completed 200 OK in 67ms (Views: 66.7ms | ActiveRecord: 0.0ms)


Started GET "/assets/application.css?body=1" for 127.0.0.1 at 2013-04-07 13:19:43 +0200
Served asset /application.css - 304 Not Modified (1ms)


Started GET "/assets/home.css?body=1" for 127.0.0.1 at 2013-04-07 13:19:43 +0200
Served asset /home.css - 304 Not Modified (0ms)


Started GET "/assets/posts.css?body=1" for 127.0.0.1 at 2013-04-07 13:19:43 +0200
Served asset /posts.css - 304 Not Modified (0ms)


Started GET "/assets/home.js?body=1" for 127.0.0.1 at 2013-04-07 13:19:43 +0200
Served asset /home.js - 304 Not Modified (0ms)


Started GET "/assets/jquery_ujs.js?body=1" for 127.0.0.1 at 2013-04-07 13:19:43 +0200
Served asset /jquery_ujs.js - 304 Not Modified (0ms)


Started GET "/assets/jquery.js?body=1" for 127.0.0.1 at 2013-04-07 13:19:43 +0200
Served asset /jquery.js - 304 Not Modified (1ms)


Started GET "/assets/scaffolds.css?body=1" for 127.0.0.1 at 2013-04-07 13:19:43 +0200
Served asset /scaffolds.css - 304 Not Modified (17ms)


Started GET "/assets/posts.js?body=1" for 127.0.0.1 at 2013-04-07 13:19:44 +0200
Served asset /posts.js - 304 Not Modified (0ms)


Started GET "/assets/application.js?body=1" for 127.0.0.1 at 2013-04-07 13:19:44 +0200
Served asset /application.js - 304 Not Modified (2ms)


Started GET "/posts" for 127.0.0.1 at 2013-04-07 13:19:46 +0200
Processing by PostsController#index as HTML
  [1m[36mPost Load (0.1ms)[0m  [1mSELECT "posts".* FROM "posts" [0m
  Rendered posts/index.html.erb within layouts/application (1.1ms)
Completed 200 OK in 48ms (Views: 44.8ms | ActiveRecord: 1.0ms)


Started GET "/assets/application.css?body=1" for 127.0.0.1 at 2013-04-07 13:19:46 +0200
Served asset /application.css - 304 Not Modified (5ms)


Started GET "/assets/home.css?body=1" for 127.0.0.1 at 2013-04-07 13:19:46 +0200
Served asset /home.css - 304 Not Modified (0ms)


Started GET "/assets/posts.css?body=1" for 127.0.0.1 at 2013-04-07 13:19:46 +0200
Served asset /posts.css - 304 Not Modified (0ms)


Started GET "/assets/jquery.js?body=1" for 127.0.0.1 at 2013-04-07 13:19:46 +0200
Served asset /jquery.js - 304 Not Modified (1ms)


Started GET "/assets/jquery_ujs.js?body=1" for 127.0.0.1 at 2013-04-07 13:19:46 +0200
Served asset /jquery_ujs.js - 304 Not Modified (0ms)


Started GET "/assets/scaffolds.css?body=1" for 127.0.0.1 at 2013-04-07 13:19:46 +0200
Served asset /scaffolds.css - 304 Not Modified (3ms)


Started GET "/assets/home.js?body=1" for 127.0.0.1 at 2013-04-07 13:19:46 +0200
Served asset /home.js - 304 Not Modified (0ms)


Started GET "/assets/posts.js?body=1" for 127.0.0.1 at 2013-04-07 13:19:46 +0200
Served asset /posts.js - 304 Not Modified (0ms)


Started GET "/assets/application.js?body=1" for 127.0.0.1 at 2013-04-07 13:19:46 +0200
Served asset /application.js - 304 Not Modified (4ms)


Started GET "/posts/new" for 127.0.0.1 at 2013-04-07 13:19:51 +0200
Processing by PostsController#new as HTML
  Rendered posts/_form.html.erb (107.9ms)
  Rendered posts/new.html.erb within layouts/application (128.7ms)
Completed 200 OK in 169ms (Views: 160.7ms | ActiveRecord: 0.0ms)


Started GET "/assets/application.css?body=1" for 127.0.0.1 at 2013-04-07 13:19:51 +0200
Served asset /application.css - 304 Not Modified (1ms)


Started GET "/assets/home.js?body=1" for 127.0.0.1 at 2013-04-07 13:19:51 +0200
Served asset /home.js - 304 Not Modified (10ms)


Started GET "/assets/jquery.js?body=1" for 127.0.0.1 at 2013-04-07 13:19:51 +0200
Served asset /jquery.js - 304 Not Modified (1ms)


Started GET "/assets/jquery_ujs.js?body=1" for 127.0.0.1 at 2013-04-07 13:19:51 +0200
Served asset /jquery_ujs.js - 304 Not Modified (0ms)


Started GET "/assets/posts.css?body=1" for 127.0.0.1 at 2013-04-07 13:19:51 +0200
Served asset /posts.css - 304 Not Modified (0ms)


Started GET "/assets/scaffolds.css?body=1" for 127.0.0.1 at 2013-04-07 13:19:51 +0200
Served asset /scaffolds.css - 304 Not Modified (0ms)


Started GET "/assets/home.css?body=1" for 127.0.0.1 at 2013-04-07 13:19:51 +0200
Served asset /home.css - 304 Not Modified (0ms)


Started GET "/assets/posts.js?body=1" for 127.0.0.1 at 2013-04-07 13:19:51 +0200
Served asset /posts.js - 304 Not Modified (0ms)


Started GET "/assets/application.js?body=1" for 127.0.0.1 at 2013-04-07 13:19:51 +0200
Served asset /application.js - 304 Not Modified (3ms)


Started POST "/posts" for 127.0.0.1 at 2013-04-07 14:41:55 +0200
Processing by PostsController#create as HTML
  Parameters: {"utf8"=>"✓", "authenticity_token"=>"wAFCG9K1PlP1Tg7bWIOMrfIVd7MuSBj4newn8WfKnrI=", "post"=>{"name"=>"Urmel", "title"=>"Hello, World!", "content"=>"Greetings to everyone!"}, "commit"=>"Create Post"}
  [1m[35m (0.1ms)[0m  begin transaction
  [1m[36mSQL (60.3ms)[0m  [1mINSERT INTO "posts" ("content", "created_at", "name", "title", "updated_at") VALUES (?, ?, ?, ?, ?)[0m  [["content", "Greetings to everyone!"], ["created_at", Sun, 07 Apr 2013 12:41:55 UTC +00:00], ["name", "Urmel"], ["title", "Hello, World!"], ["updated_at", Sun, 07 Apr 2013 12:41:55 UTC +00:00]]
  [1m[35m (39.6ms)[0m  commit transaction
Redirected to http://localhost:3000/posts/1
Completed 302 Found in 105ms (ActiveRecord: 100.0ms)


Started GET "/posts/1" for 127.0.0.1 at 2013-04-07 14:41:56 +0200
Processing by PostsController#show as HTML
  Parameters: {"id"=>"1"}
  [1m[36mPost Load (0.4ms)[0m  [1mSELECT "posts".* FROM "posts" WHERE "posts"."id" = ? LIMIT 1[0m  [["id", "1"]]
  Rendered posts/show.html.erb within layouts/application (1.3ms)
Completed 200 OK in 72ms (Views: 69.7ms | ActiveRecord: 0.4ms)


Started GET "/assets/application.css?body=1" for 127.0.0.1 at 2013-04-07 14:41:56 +0200
Served asset /application.css - 304 Not Modified (1ms)


Started GET "/assets/posts.css?body=1" for 127.0.0.1 at 2013-04-07 14:41:56 +0200
Served asset /posts.css - 304 Not Modified (0ms)


Started GET "/assets/home.css?body=1" for 127.0.0.1 at 2013-04-07 14:41:56 +0200
Served asset /home.css - 304 Not Modified (0ms)


Started GET "/assets/home.js?body=1" for 127.0.0.1 at 2013-04-07 14:41:56 +0200
Served asset /home.js - 304 Not Modified (0ms)


Started GET "/assets/jquery_ujs.js?body=1" for 127.0.0.1 at 2013-04-07 14:41:56 +0200
Served asset /jquery_ujs.js - 304 Not Modified (0ms)


Started GET "/assets/jquery.js?body=1" for 127.0.0.1 at 2013-04-07 14:41:56 +0200
Served asset /jquery.js - 304 Not Modified (3ms)


Started GET "/assets/scaffolds.css?body=1" for 127.0.0.1 at 2013-04-07 14:41:56 +0200
Served asset /scaffolds.css - 304 Not Modified (0ms)


Started GET "/assets/posts.js?body=1" for 127.0.0.1 at 2013-04-07 14:41:56 +0200
Served asset /posts.js - 304 Not Modified (0ms)


Started GET "/assets/application.js?body=1" for 127.0.0.1 at 2013-04-07 14:41:56 +0200
Served asset /application.js - 304 Not Modified (6ms)


Started GET "/posts" for 127.0.0.1 at 2013-04-07 14:41:58 +0200
Processing by PostsController#index as HTML
  [1m[35mPost Load (0.3ms)[0m  SELECT "posts".* FROM "posts" 
  Rendered posts/index.html.erb within layouts/application (1.3ms)
Completed 200 OK in 34ms (Views: 33.1ms | ActiveRecord: 0.3ms)


Started GET "/assets/application.css?body=1" for 127.0.0.1 at 2013-04-07 14:41:58 +0200
Served asset /application.css - 304 Not Modified (1ms)


Started GET "/assets/posts.css?body=1" for 127.0.0.1 at 2013-04-07 14:41:58 +0200
Served asset /posts.css - 304 Not Modified (0ms)


Started GET "/assets/home.css?body=1" for 127.0.0.1 at 2013-04-07 14:41:58 +0200
Served asset /home.css - 304 Not Modified (0ms)


Started GET "/assets/scaffolds.css?body=1" for 127.0.0.1 at 2013-04-07 14:41:58 +0200
Served asset /scaffolds.css - 304 Not Modified (0ms)


Started GET "/assets/jquery.js?body=1" for 127.0.0.1 at 2013-04-07 14:41:58 +0200
Served asset /jquery.js - 304 Not Modified (1ms)


Started GET "/assets/jquery_ujs.js?body=1" for 127.0.0.1 at 2013-04-07 14:41:58 +0200
Served asset /jquery_ujs.js - 304 Not Modified (1ms)


Started GET "/assets/posts.js?body=1" for 127.0.0.1 at 2013-04-07 14:41:58 +0200
Served asset /posts.js - 304 Not Modified (0ms)


Started GET "/assets/application.js?body=1" for 127.0.0.1 at 2013-04-07 14:41:58 +0200
Served asset /application.js - 304 Not Modified (3ms)


Started GET "/assets/home.js?body=1" for 127.0.0.1 at 2013-04-07 14:41:58 +0200
Served asset /home.js - 304 Not Modified (0ms)


Started GET "/posts/new" for 127.0.0.1 at 2013-04-07 14:43:05 +0200
Processing by PostsController#new as HTML
  Rendered posts/_form.html.erb (2.5ms)
  Rendered posts/new.html.erb within layouts/application (3.3ms)
Completed 200 OK in 51ms (Views: 50.4ms | ActiveRecord: 0.0ms)


Started GET "/assets/application.css?body=1" for 127.0.0.1 at 2013-04-07 14:43:06 +0200
Served asset /application.css - 304 Not Modified (1ms)


Started GET "/assets/jquery.js?body=1" for 127.0.0.1 at 2013-04-07 14:43:06 +0200
Served asset /jquery.js - 304 Not Modified (7ms)


Started GET "/assets/jquery_ujs.js?body=1" for 127.0.0.1 at 2013-04-07 14:43:06 +0200
Served asset /jquery_ujs.js - 304 Not Modified (0ms)


Started GET "/assets/home.css?body=1" for 127.0.0.1 at 2013-04-07 14:43:06 +0200
Served asset /home.css - 304 Not Modified (0ms)


Started GET "/assets/posts.css?body=1" for 127.0.0.1 at 2013-04-07 14:43:06 +0200
Served asset /posts.css - 304 Not Modified (0ms)


Started GET "/assets/scaffolds.css?body=1" for 127.0.0.1 at 2013-04-07 14:43:06 +0200
Served asset /scaffolds.css - 304 Not Modified (0ms)


Started GET "/assets/home.js?body=1" for 127.0.0.1 at 2013-04-07 14:43:06 +0200
Served asset /home.js - 304 Not Modified (0ms)


Started GET "/assets/posts.js?body=1" for 127.0.0.1 at 2013-04-07 14:43:06 +0200
Served asset /posts.js - 304 Not Modified (0ms)


Started GET "/assets/application.js?body=1" for 127.0.0.1 at 2013-04-07 14:43:06 +0200
Served asset /application.js - 304 Not Modified (2ms)


Started POST "/posts" for 127.0.0.1 at 2013-04-07 14:43:45 +0200
Processing by PostsController#create as HTML
  Parameters: {"utf8"=>"✓", "authenticity_token"=>"wAFCG9K1PlP1Tg7bWIOMrfIVd7MuSBj4newn8WfKnrI=", "post"=>{"name"=>"Schlupp", "title"=>"Mischirrr!", "content"=>"Ratakresch ist im Anmarsch!"}, "commit"=>"Create Post"}
  [1m[36m (0.3ms)[0m  [1mbegin transaction[0m
  [1m[35mSQL (0.8ms)[0m  INSERT INTO "posts" ("content", "created_at", "name", "title", "updated_at") VALUES (?, ?, ?, ?, ?)  [["content", "Ratakresch ist im Anmarsch!"], ["created_at", Sun, 07 Apr 2013 12:43:45 UTC +00:00], ["name", "Schlupp"], ["title", "Mischirrr!"], ["updated_at", Sun, 07 Apr 2013 12:43:45 UTC +00:00]]
  [1m[36m (45.6ms)[0m  [1mcommit transaction[0m
Redirected to http://localhost:3000/posts/2
Completed 302 Found in 51ms (ActiveRecord: 46.7ms)


Started GET "/posts/2" for 127.0.0.1 at 2013-04-07 14:43:45 +0200
Processing by PostsController#show as HTML
  Parameters: {"id"=>"2"}
  [1m[35mPost Load (0.1ms)[0m  SELECT "posts".* FROM "posts" WHERE "posts"."id" = ? LIMIT 1  [["id", "2"]]
  Rendered posts/show.html.erb within layouts/application (0.5ms)
Completed 200 OK in 65ms (Views: 63.5ms | ActiveRecord: 0.1ms)


Started GET "/assets/application.css?body=1" for 127.0.0.1 at 2013-04-07 14:43:45 +0200
Served asset /application.css - 304 Not Modified (0ms)


Started GET "/assets/jquery_ujs.js?body=1" for 127.0.0.1 at 2013-04-07 14:43:45 +0200
Served asset /jquery_ujs.js - 304 Not Modified (2ms)


Started GET "/assets/jquery.js?body=1" for 127.0.0.1 at 2013-04-07 14:43:45 +0200
Served asset /jquery.js - 304 Not Modified (1ms)


Started GET "/assets/scaffolds.css?body=1" for 127.0.0.1 at 2013-04-07 14:43:45 +0200
Served asset /scaffolds.css - 304 Not Modified (0ms)


Started GET "/assets/posts.css?body=1" for 127.0.0.1 at 2013-04-07 14:43:45 +0200
Served asset /posts.css - 304 Not Modified (0ms)


Started GET "/assets/home.css?body=1" for 127.0.0.1 at 2013-04-07 14:43:45 +0200
Served asset /home.css - 304 Not Modified (0ms)


Started GET "/assets/home.js?body=1" for 127.0.0.1 at 2013-04-07 14:43:45 +0200
Served asset /home.js - 304 Not Modified (0ms)


Started GET "/assets/posts.js?body=1" for 127.0.0.1 at 2013-04-07 14:43:45 +0200
Served asset /posts.js - 304 Not Modified (0ms)


Started GET "/assets/application.js?body=1" for 127.0.0.1 at 2013-04-07 14:43:45 +0200
Served asset /application.js - 304 Not Modified (2ms)


Started GET "/posts" for 127.0.0.1 at 2013-04-07 14:43:47 +0200
Processing by PostsController#index as HTML
  [1m[36mPost Load (0.3ms)[0m  [1mSELECT "posts".* FROM "posts" [0m
  Rendered posts/index.html.erb within layouts/application (2.8ms)
Completed 200 OK in 44ms (Views: 42.2ms | ActiveRecord: 0.3ms)


Started GET "/assets/application.css?body=1" for 127.0.0.1 at 2013-04-07 14:43:47 +0200
Served asset /application.css - 304 Not Modified (1ms)


Started GET "/assets/home.css?body=1" for 127.0.0.1 at 2013-04-07 14:43:47 +0200
Served asset /home.css - 304 Not Modified (4ms)


Started GET "/assets/posts.css?body=1" for 127.0.0.1 at 2013-04-07 14:43:47 +0200
Served asset /posts.css - 304 Not Modified (0ms)


Started GET "/assets/scaffolds.css?body=1" for 127.0.0.1 at 2013-04-07 14:43:47 +0200
Served asset /scaffolds.css - 304 Not Modified (0ms)


Started GET "/assets/jquery.js?body=1" for 127.0.0.1 at 2013-04-07 14:43:47 +0200
Served asset /jquery.js - 304 Not Modified (1ms)


Started GET "/assets/jquery_ujs.js?body=1" for 127.0.0.1 at 2013-04-07 14:43:47 +0200
Served asset /jquery_ujs.js - 304 Not Modified (0ms)


Started GET "/assets/application.js?body=1" for 127.0.0.1 at 2013-04-07 14:43:47 +0200
Served asset /application.js - 304 Not Modified (2ms)


Started GET "/assets/home.js?body=1" for 127.0.0.1 at 2013-04-07 14:43:47 +0200
Served asset /home.js - 304 Not Modified (0ms)


Started GET "/assets/posts.js?body=1" for 127.0.0.1 at 2013-04-07 14:43:47 +0200
Served asset /posts.js - 304 Not Modified (0ms)


Started GET "/posts.json" for 127.0.0.1 at 2013-04-07 14:57:40 +0200
Processing by PostsController#index as JSON
  [1m[35mPost Load (0.2ms)[0m  SELECT "posts".* FROM "posts" 
Completed 200 OK in 2ms (Views: 1.0ms | ActiveRecord: 0.2ms)
